2019-11-07 08:25:30.3378	INFO	Export start.
2019-11-07 08:25:30.3378	INFO	ELEMENT	328874
2019-11-07 08:25:30.3378	INFO	ELEMENT	408870
2019-11-07 08:25:30.3378	INFO	MATERIAL	Brick, Common	MasonryCMUSchema
2019-11-07 08:25:30.3762	INFO	ELEMENT	408874
2019-11-07 08:25:30.3987	INFO	ELEMENT	408878
2019-11-07 08:25:30.4146	INFO	ELEMENT	408882
2019-11-07 08:25:30.4146	INFO	ELEMENT	409002
2019-11-07 08:25:30.4277	INFO	MATERIAL	Glass	GlazingSchema
2019-11-07 08:25:30.4277	INFO	MATERIAL	Frame Window	GenericSchema
2019-11-07 08:25:30.4436	INFO	ELEMENT	409119
2019-11-07 08:25:30.4436	INFO	MATERIAL	Door Frame	GenericSchema
2019-11-07 08:25:30.4436	INFO	ELEMENT	409226
2019-11-07 08:25:30.4586	INFO	ELEMENT	410738
2019-11-07 08:25:30.4586	INFO	MATERIAL	Paint - Sienna	WallPaintSchema
2019-11-07 08:25:30.4840	INFO	ELEMENT	412028
2019-11-07 08:25:30.4840	INFO	ELEMENT	412085
2019-11-07 08:25:30.4900	INFO	ELEMENT	413172
2019-11-07 08:25:30.4900	INFO	ELEMENT	413177
2019-11-07 08:25:30.4900	INFO	ELEMENT	413183
2019-11-07 08:25:30.4900	INFO	ELEMENT	413189
2019-11-07 08:25:30.4900	INFO	ELEMENT	413260
2019-11-07 08:25:30.4900	INFO	ELEMENT	413319
2019-11-07 08:25:30.5069	INFO	ELEMENT	413406
2019-11-07 08:25:30.5069	INFO	ELEMENT	413515
2019-11-07 08:25:30.5069	INFO	ELEMENT	413557
2019-11-07 08:25:30.5069	INFO	ELEMENT	414479
2019-11-07 08:25:30.5069	INFO	ELEMENT	414485
2019-11-07 08:25:30.5199	INFO	ELEMENT	414490
2019-11-07 08:25:30.5199	INFO	ELEMENT	414499
2019-11-07 08:25:30.5199	INFO	ELEMENT	414504
2019-11-07 08:25:30.5199	INFO	ELEMENT	414509
2019-11-07 08:25:30.5199	INFO	ELEMENT	414514
2019-11-07 08:25:30.5199	INFO	ELEMENT	414647
2019-11-07 08:25:30.5199	INFO	ELEMENT	414698
2019-11-07 08:25:30.5199	INFO	ELEMENT	414711
2019-11-07 08:25:30.5199	INFO	ELEMENT	414771
2019-11-07 08:25:30.5368	INFO	ELEMENT	414775
2019-11-07 08:25:30.5368	INFO	ELEMENT	416230
2019-11-07 08:25:30.5368	INFO	ELEMENT	416421
2019-11-07 08:25:30.5368	INFO	ELEMENT	419120
2019-11-07 08:25:30.5368	INFO	ELEMENT	419121
2019-11-07 08:25:30.5518	INFO	ELEMENT	419122
2019-11-07 08:25:30.5518	INFO	ELEMENT	419123
2019-11-07 08:25:30.5518	INFO	ELEMENT	419124
2019-11-07 08:25:30.5518	INFO	ELEMENT	419125
2019-11-07 08:25:30.5518	INFO	ELEMENT	419126
2019-11-07 08:25:30.5518	INFO	ELEMENT	419128
2019-11-07 08:25:30.5518	INFO	ELEMENT	419129
2019-11-07 08:25:30.5518	INFO	ELEMENT	419130
2019-11-07 08:25:30.5668	INFO	ELEMENT	419131
2019-11-07 08:25:30.5668	INFO	ELEMENT	419132
2019-11-07 08:25:30.5668	INFO	ELEMENT	419133
2019-11-07 08:25:30.5668	INFO	ELEMENT	419405
2019-11-07 08:25:30.5829	INFO	ELEMENT	424105
2019-11-07 08:25:30.5829	INFO	ELEMENT	424151
2019-11-07 08:25:30.5829	INFO	ELEMENT	424156
2019-11-07 08:25:30.5829	INFO	ELEMENT	424165
2019-11-07 08:25:30.5829	INFO	ELEMENT	424169
2019-11-07 08:25:30.5829	INFO	ELEMENT	424173
2019-11-07 08:25:30.5829	INFO	ELEMENT	424177
2019-11-07 08:25:30.5829	INFO	ELEMENT	424182
2019-11-07 08:25:30.5990	INFO	ELEMENT	424186
2019-11-07 08:25:30.5990	INFO	ELEMENT	424190
2019-11-07 08:25:30.5990	INFO	ELEMENT	424194
2019-11-07 08:25:30.5990	INFO	ELEMENT	425034
2019-11-07 08:25:30.5990	INFO	MATERIAL	Default Floor	GenericSchema
2019-11-07 08:25:30.5990	INFO	ELEMENT	425664
2019-11-07 08:25:30.5990	INFO	ELEMENT	511585
2019-11-07 08:25:30.5990	INFO	MATERIAL	1. Cổng sắt	GenericSchema
2019-11-07 08:25:30.6439	INFO	ELEMENT	512869
2019-11-07 08:25:30.6469	INFO	ELEMENT	512873
2019-11-07 08:25:30.6469	INFO	ELEMENT	512877
2019-11-07 08:25:30.6469	INFO	ELEMENT	512881
2019-11-07 08:25:30.6469	INFO	ELEMENT	512943
2019-11-07 08:25:30.6469	INFO	MATERIAL	Concrete, Cast In Situ	GenericSchema
2019-11-07 08:25:30.6469	INFO	ELEMENT	513003
2019-11-07 08:25:30.6469	INFO	MATERIAL	Aluminum	MetalSchema
2019-11-07 08:25:30.6609	INFO	MATERIAL	Metal - Paint Finish - Grey	WallPaintSchema
2019-11-07 08:25:30.6609	INFO	MATERIAL	Wood - Birch	HardwoodSchema
2019-11-07 08:25:30.6609	INFO	ELEMENT	514335
2019-11-07 08:25:30.7028	INFO	ELEMENT	514692
2019-11-07 08:25:30.7097	INFO	ELEMENT	514697
2019-11-07 08:25:30.7097	INFO	MATERIAL	1. Sơn chống gỉ màu đen	GenericSchema
2019-11-07 08:25:30.7447	INFO	ELEMENT	514775
2019-11-07 08:25:30.7587	INFO	MATERIAL	1. Grass	GenericSchema
2019-11-07 08:25:30.7587	INFO	ELEMENT	515174
2019-11-07 08:25:30.7587	INFO	ELEMENT	515179
2019-11-07 08:25:30.7726	INFO	ELEMENT	523885
2019-11-07 08:25:30.7726	INFO	MATERIAL	1.Sơn chống gỉ màu đen	GenericSchema
2019-11-07 08:25:31.3849	INFO	ELEMENT	528701
2019-11-07 08:25:31.3849	INFO	ELEMENT	528755
2019-11-07 08:25:31.3849	INFO	ELEMENT	529581
2019-11-07 08:25:31.3849	INFO	ELEMENT	529582
2019-11-07 08:25:31.3849	INFO	MATERIAL	1. P2-Tường sơn nước màu vàng kem	MasonryCMUSchema
2019-11-07 08:25:31.4069	INFO	ELEMENT	530100
2019-11-07 08:25:31.4199	INFO	ELEMENT	530459
2019-11-07 08:25:31.4199	INFO	ELEMENT	530914
2019-11-07 08:25:31.9744	INFO	ELEMENT	532459
2019-11-07 08:25:31.9744	INFO	MATERIAL	Knob	ACADGen-298
2019-11-07 08:25:31.9744	INFO	MATERIAL	Washing Machine Chrome	MetalPaint-002
2019-11-07 08:25:31.9744	INFO	MATERIAL	wm glass	Glazing-012
2019-11-07 08:25:31.9953	INFO	MATERIAL	Washing Machine	MetalPaint-010
2019-11-07 08:25:31.9953	INFO	MATERIAL	WM-Sides	MetalPaint-008
2019-11-07 08:25:32.0053	INFO	ELEMENT	554571
2019-11-07 08:25:32.0053	INFO	MATERIAL	DEFAULT	Generic
2019-11-07 08:25:32.0053	INFO	ELEMENT	557687
2019-11-07 08:25:32.0053	INFO	ELEMENT	558582
2019-11-07 08:25:32.0053	INFO	ELEMENT	560875
2019-11-07 08:25:32.0911	INFO	ELEMENT	560945
2019-11-07 08:25:32.0911	INFO	ELEMENT	561096
2019-11-07 08:25:32.0911	INFO	ELEMENT	561128
2019-11-07 08:25:32.1549	INFO	ELEMENT	562306
2019-11-07 08:25:32.1549	INFO	ELEMENT	563227
2019-11-07 08:25:32.1609	INFO	ELEMENT	563305
2019-11-07 08:25:32.1609	INFO	ELEMENT	563564
2019-11-07 08:25:32.1609	INFO	ELEMENT	563863
2019-11-07 08:25:32.1609	INFO	MATERIAL	1. P1-Tường sơn nước màu vàng đậm	MasonryCMUSchema
2019-11-07 08:25:32.1788	INFO	ELEMENT	565310
2019-11-07 08:25:32.1788	INFO	ELEMENT	565421
2019-11-07 08:25:32.1918	INFO	ELEMENT	566730
2019-11-07 08:25:32.1918	INFO	ELEMENT	568133
2019-11-07 08:25:32.1918	INFO	ELEMENT	568682
2019-11-07 08:25:32.1918	INFO	ELEMENT	596625
2019-11-07 08:25:32.2098	INFO	ELEMENT	602047
2019-11-07 08:25:32.2098	INFO	ELEMENT	602143
2019-11-07 08:25:32.2098	INFO	ELEMENT	602271
2019-11-07 08:25:32.2098	INFO	ELEMENT	603486
2019-11-07 08:25:32.2098	INFO	MATERIAL	Glass_Clear	Generic
2019-11-07 08:25:32.2098	INFO	ELEMENT	604080
2019-11-07 08:25:32.2098	INFO	ELEMENT	604211
2019-11-07 08:25:32.2098	INFO	ELEMENT	604468
2019-11-07 08:25:32.2257	INFO	ELEMENT	604561
2019-11-07 08:25:32.2257	INFO	ELEMENT	605413
2019-11-07 08:25:32.2257	INFO	ELEMENT	605613
2019-11-07 08:25:32.2257	INFO	ELEMENT	610737
2019-11-07 08:25:32.2257	INFO	ELEMENT	612805
2019-11-07 08:25:32.2387	INFO	ELEMENT	612840
2019-11-07 08:25:32.2387	INFO	ELEMENT	614219
2019-11-07 08:25:32.2387	INFO	ELEMENT	614224
2019-11-07 08:25:32.2387	INFO	ELEMENT	614873
2019-11-07 08:25:32.2387	INFO	ELEMENT	615265
2019-11-07 08:25:32.2387	INFO	ELEMENT	615266
2019-11-07 08:25:32.2387	INFO	ELEMENT	615267
2019-11-07 08:25:32.2547	INFO	ELEMENT	615268
2019-11-07 08:25:32.2547	INFO	ELEMENT	615735
2019-11-07 08:25:32.2547	INFO	ELEMENT	615795
2019-11-07 08:25:32.2547	INFO	ELEMENT	629803
2019-11-07 08:25:32.2547	INFO	ELEMENT	629804
2019-11-07 08:25:32.2547	INFO	ELEMENT	629805
2019-11-07 08:25:32.2547	INFO	ELEMENT	629806
2019-11-07 08:25:32.2547	INFO	ELEMENT	629807
2019-11-07 08:25:32.2547	INFO	ELEMENT	629812
2019-11-07 08:25:32.2717	INFO	ELEMENT	630155
2019-11-07 08:25:32.2717	INFO	ELEMENT	630156
2019-11-07 08:25:32.2717	INFO	ELEMENT	630161
2019-11-07 08:25:32.2717	INFO	ELEMENT	631648
2019-11-07 08:25:32.2867	INFO	ELEMENT	632339
2019-11-07 08:25:32.2867	INFO	ELEMENT	632391
2019-11-07 08:25:32.2867	INFO	ELEMENT	632589
2019-11-07 08:25:32.2867	INFO	ELEMENT	632627
2019-11-07 08:25:32.2867	INFO	ELEMENT	632883
2019-11-07 08:25:32.2867	INFO	ELEMENT	632942
2019-11-07 08:25:32.2867	INFO	ELEMENT	633952
2019-11-07 08:25:32.3026	INFO	ELEMENT	633997
2019-11-07 08:25:32.3026	INFO	ELEMENT	635169
2019-11-07 08:25:32.3026	INFO	ELEMENT	636004
2019-11-07 08:25:32.3026	INFO	ELEMENT	651481
2019-11-07 08:25:32.3186	INFO	ELEMENT	655698
2019-11-07 08:25:32.3186	INFO	MATERIAL	Render Material 255-255-255	Generic
2019-11-07 08:25:32.3186	INFO	MATERIAL	Render Material 84-84-84	Fabric-018
2019-11-07 08:25:32.3376	WARN	Can't get texture. Appearance asset has more than one connected assets.
2019-11-07 08:25:32.3376	WARN	Can't get texture. Appearance asset has more than one connected assets.
2019-11-07 08:25:32.3376	INFO	MATERIAL	Render Material 118-118-118	Paint-002
2019-11-07 08:25:32.3376	INFO	MATERIAL	Render Material 186-186-186	Metal-024
2019-11-07 08:25:32.3376	INFO	MATERIAL	Render Material 255-191-0	Generic
2019-11-07 08:25:32.3585	INFO	MATERIAL	Render Material 165-124-0	Metal-017
2019-11-07 08:25:32.3585	INFO	MATERIAL	Render Material 152-152-152	Metal-025
2019-11-07 08:25:32.3585	INFO	MATERIAL	Render Material 0-127-127	MetalPaint-001
2019-11-07 08:25:32.3815	INFO	MATERIAL	Render Material 165-0-0	Paint-077
2019-11-07 08:25:32.3985	INFO	ELEMENT	656087
2019-11-07 08:25:32.5939	INFO	ELEMENT	656953
2019-11-07 08:25:32.5939	INFO	MATERIAL	Bike BMX Chrome2	Metal-017
2019-11-07 08:25:32.5999	INFO	MATERIAL	Bike BMX Black	MetalPaint-003
2019-11-07 08:25:32.6478	INFO	MATERIAL	Bike BMX Hand	Plastic-002
2019-11-07 08:25:32.6887	INFO	MATERIAL	Bike BMX Chrome	Metal-017
2019-11-07 08:25:32.8852	INFO	MATERIAL	Bike BMX Frame	MetalPaint-029
2019-11-07 08:25:32.9291	INFO	MATERIAL	Bike BMX Chain Disck	InvGen-054
2019-11-07 08:25:32.9535	WARN	Unsupported appearence asset schema. Exporting colors only.
2019-11-07 08:25:35.2005	INFO	ELEMENT	663008
2019-11-07 08:25:35.2005	INFO	ELEMENT	663009
2019-11-07 08:25:35.2005	INFO	ELEMENT	663010
2019-11-07 08:25:35.2085	INFO	ELEMENT	663011
2019-11-07 08:25:35.2085	INFO	ELEMENT	663012
2019-11-07 08:25:35.2085	INFO	ELEMENT	663017
2019-11-07 08:25:35.2085	INFO	ELEMENT	663359
2019-11-07 08:25:35.2085	INFO	ELEMENT	663360
2019-11-07 08:25:35.2085	INFO	ELEMENT	663365
2019-11-07 08:25:35.2275	INFO	ELEMENT	663805
2019-11-07 08:25:35.2275	INFO	ELEMENT	663806
2019-11-07 08:25:35.2275	INFO	ELEMENT	663812
2019-11-07 08:25:35.2275	INFO	ELEMENT	664457
2019-11-07 08:25:35.2275	INFO	ELEMENT	664458
2019-11-07 08:25:35.2405	INFO	ELEMENT	664508
2019-11-07 08:25:35.2405	INFO	ELEMENT	664743
2019-11-07 08:25:35.2405	INFO	ELEMENT	664977
2019-11-07 08:25:35.2405	INFO	ELEMENT	665057
2019-11-07 08:25:35.2405	INFO	ELEMENT	665058
2019-11-07 08:25:35.2405	INFO	ELEMENT	665059
2019-11-07 08:25:35.2545	INFO	ELEMENT	665318
2019-11-07 08:25:35.2545	INFO	ELEMENT	666821
2019-11-07 08:25:35.2545	INFO	ELEMENT	762147
2019-11-07 08:25:35.2545	INFO	ELEMENT	762158
2019-11-07 08:25:35.2545	INFO	ELEMENT	328874
2019-11-07 08:25:35.2545	INFO	Preparing data...
2019-11-07 08:25:35.4061	INFO	Saving files...
2019-11-07 08:25:35.6765	INFO	Export finish.
