2019-11-07 00:19:46.9294	INFO	Export start.
2019-11-07 00:19:46.9703	INFO	ELEMENT	317696
2019-11-07 00:19:46.9793	INFO	ELEMENT	320020
2019-11-07 00:19:47.0321	INFO	MATERIAL	1. MÀU XÁM	GenericSchema
2019-11-07 00:19:47.0740	INFO	ELEMENT	328768
2019-11-07 00:19:47.0740	INFO	MATERIAL	Space-Site Item	GenericSchema
2019-11-07 00:19:47.0960	INFO	MATERIAL	DEFAULT	Generic
2019-11-07 00:19:47.1019	INFO	ELEMENT	329088
2019-11-07 00:19:47.1508	INFO	ELEMENT	329484
2019-11-07 00:19:47.1947	INFO	ELEMENT	329706
2019-11-07 00:19:47.2715	INFO	ELEMENT	330221
2019-11-07 00:19:47.2805	INFO	ELEMENT	330362
2019-11-07 00:19:47.3034	INFO	ELEMENT	330413
2019-11-07 00:19:47.3573	INFO	ELEMENT	331045
2019-11-07 00:19:47.3922	INFO	ELEMENT	331420
2019-11-07 00:19:47.4101	INFO	ELEMENT	331567
2019-11-07 00:19:47.4460	INFO	ELEMENT	332013
2019-11-07 00:19:47.4460	INFO	MATERIAL	Painting Yellow 255 255 128	GenericSchema
2019-11-07 00:19:47.4690	INFO	MATERIAL	CFC - Dark Green	GenericSchema
2019-11-07 00:19:47.4690	INFO	MATERIAL	CFC - Green	GenericSchema
2019-11-07 00:19:47.4690	INFO	MATERIAL	CFC - Blue	GenericSchema
2019-11-07 00:19:47.4869	INFO	MATERIAL	Painting White 255 255 255	GenericSchema
2019-11-07 00:19:47.4869	INFO	MATERIAL	Cyan-Trans	GenericSchema
2019-11-07 00:19:47.6176	INFO	MATERIAL	White CL	GenericSchema
2019-11-07 00:19:47.6176	INFO	ELEMENT	345982
2019-11-07 00:19:47.6395	INFO	MATERIAL	WALKWAY	GenericSchema
2019-11-07 00:19:47.6395	INFO	ELEMENT	346146
2019-11-07 00:19:47.6983	INFO	ELEMENT	347120
2019-11-07 00:19:47.6983	INFO	MATERIAL	03	ConcreteSchema
2019-11-07 00:19:47.7662	INFO	ELEMENT	347363
2019-11-07 00:19:47.7662	INFO	MATERIAL	04	ConcreteSchema
2019-11-07 00:19:47.7801	INFO	ELEMENT	347634
2019-11-07 00:19:47.7951	INFO	MATERIAL	02	GenericSchema
2019-11-07 00:19:47.7951	INFO	ELEMENT	347734
2019-11-07 00:19:47.7951	INFO	MATERIAL	Concrete, Cast In Situ	ConcreteSchema
2019-11-07 00:19:47.8100	INFO	MATERIAL	MAU TRANG	GenericSchema
2019-11-07 00:19:47.8100	INFO	ELEMENT	348865
2019-11-07 00:19:47.8100	INFO	MATERIAL	dường tạm	GenericSchema
2019-11-07 00:19:47.8100	INFO	ELEMENT	349112
2019-11-07 00:19:47.8100	INFO	MATERIAL	XM	GenericSchema
2019-11-07 00:19:47.8200	INFO	ELEMENT	349346
2019-11-07 00:19:47.8200	INFO	MATERIAL	14	GenericSchema
2019-11-07 00:19:47.8200	INFO	ELEMENT	350683
2019-11-07 00:19:47.8200	INFO	ELEMENT	352001
2019-11-07 00:19:47.8200	INFO	MATERIAL	FOOD	GenericSchema
2019-11-07 00:19:47.8200	INFO	ELEMENT	352332
2019-11-07 00:19:47.8200	INFO	ELEMENT	352373
2019-11-07 00:19:47.8200	INFO	MATERIAL	DA,GACH	ConcreteSchema
2019-11-07 00:19:47.8430	INFO	ELEMENT	397875
2019-11-07 00:19:47.8540	INFO	MATERIAL	ShadowCFC	GenericSchema
2019-11-07 00:19:47.8540	INFO	MATERIAL	Green	GenericSchema
2019-11-07 00:19:47.8540	INFO	MATERIAL	Blue	GenericSchema
2019-11-07 00:19:47.8540	INFO	MATERIAL	White	GenericSchema
2019-11-07 00:19:47.8789	INFO	MATERIAL	MAU VANG	GenericSchema
2019-11-07 00:19:48.0913	INFO	ELEMENT	407191
2019-11-07 00:19:48.0913	INFO	MATERIAL	01	GenericSchema
2019-11-07 00:19:48.0913	INFO	ELEMENT	408187
2019-11-07 00:19:48.0913	INFO	MATERIAL	SOIL GATHERING YARA	GenericSchema
2019-11-07 00:19:48.1003	INFO	ELEMENT	408253
2019-11-07 00:19:48.1003	INFO	ELEMENT	412792
2019-11-07 00:19:48.1003	INFO	ELEMENT	412815
2019-11-07 00:19:48.1003	INFO	MATERIAL	12	GenericSchema
2019-11-07 00:19:48.1003	INFO	ELEMENT	413016
2019-11-07 00:19:48.1003	INFO	ELEMENT	413045
2019-11-07 00:19:48.1003	INFO	MATERIAL	12(1)	GenericSchema
2019-11-07 00:19:48.1003	INFO	ELEMENT	413134
2019-11-07 00:19:48.1003	INFO	MATERIAL	STOCK YARD	GenericSchema
2019-11-07 00:19:48.1172	INFO	ELEMENT	413655
2019-11-07 00:19:48.1172	INFO	MATERIAL	06	GenericSchema
2019-11-07 00:19:48.1172	INFO	ELEMENT	413804
2019-11-07 00:19:48.1172	INFO	MATERIAL	13	GenericSchema
2019-11-07 00:19:48.1172	INFO	ELEMENT	413917
2019-11-07 00:19:48.1172	INFO	MATERIAL	09	GenericSchema
2019-11-07 00:19:48.1172	INFO	ELEMENT	414247
2019-11-07 00:19:48.1172	INFO	MATERIAL	00	GenericSchema
2019-11-07 00:19:48.1172	INFO	ELEMENT	414352
2019-11-07 00:19:48.1322	INFO	MATERIAL	07	GenericSchema
2019-11-07 00:19:48.1322	INFO	ELEMENT	417880
2019-11-07 00:19:48.1322	INFO	ELEMENT	418399
2019-11-07 00:19:48.1322	INFO	ELEMENT	422546
2019-11-07 00:19:48.1322	INFO	ELEMENT	422575
2019-11-07 00:19:48.1322	INFO	ELEMENT	422801
2019-11-07 00:19:48.1322	INFO	ELEMENT	423174
2019-11-07 00:19:48.1501	INFO	ELEMENT	423323
2019-11-07 00:19:48.1501	INFO	ELEMENT	423680
2019-11-07 00:19:48.1501	INFO	ELEMENT	424370
2019-11-07 00:19:48.1641	INFO	ELEMENT	424841
2019-11-07 00:19:48.1641	INFO	ELEMENT	424919
2019-11-07 00:19:48.1641	INFO	ELEMENT	425081
2019-11-07 00:19:48.1641	INFO	ELEMENT	425241
2019-11-07 00:19:48.1641	INFO	ELEMENT	425853
2019-11-07 00:19:48.1791	INFO	ELEMENT	425976
2019-11-07 00:19:48.1791	INFO	ELEMENT	426160
2019-11-07 00:19:48.1791	INFO	ELEMENT	441766
2019-11-07 00:19:48.2010	INFO	ELEMENT	441806
2019-11-07 00:19:48.2349	INFO	ELEMENT	442163
2019-11-07 00:19:48.2349	INFO	MATERIAL	CONCRETE GRADE	GenericSchema
2019-11-07 00:19:48.2409	INFO	ELEMENT	442253
2019-11-07 00:19:48.2409	INFO	ELEMENT	442764
2019-11-07 00:19:48.2409	INFO	MATERIAL	05	ConcreteSchema
2019-11-07 00:19:48.2409	INFO	ELEMENT	450366
2019-11-07 00:19:48.2568	INFO	MATERIAL	STEEL	GenericSchema
2019-11-07 00:19:48.2568	INFO	MATERIAL	Light Post	GenericSchema
2019-11-07 00:19:48.2568	INFO	ELEMENT	452018
2019-11-07 00:19:48.2568	INFO	ELEMENT	452048
2019-11-07 00:19:48.2798	INFO	ELEMENT	452076
2019-11-07 00:19:48.2798	INFO	ELEMENT	452871
2019-11-07 00:19:48.2878	INFO	ELEMENT	452901
2019-11-07 00:19:48.2878	INFO	ELEMENT	452945
2019-11-07 00:19:48.3037	INFO	ELEMENT	452981
2019-11-07 00:19:48.3037	INFO	ELEMENT	453082
2019-11-07 00:19:48.3037	INFO	ELEMENT	453115
2019-11-07 00:19:48.3037	INFO	ELEMENT	455132
2019-11-07 00:19:48.3207	INFO	MATERIAL	Render Material 255-0-0	Generic
2019-11-07 00:19:48.3207	INFO	ELEMENT	457097
2019-11-07 00:19:48.3207	INFO	MATERIAL	DIRECTION	GenericSchema
2019-11-07 00:19:48.3207	INFO	ELEMENT	457253
2019-11-07 00:19:48.3356	INFO	ELEMENT	458293
2019-11-07 00:19:48.3356	INFO	ELEMENT	458665
2019-11-07 00:19:48.3356	INFO	ELEMENT	458699
2019-11-07 00:19:48.3356	INFO	ELEMENT	462592
2019-11-07 00:19:48.3356	INFO	ELEMENT	462715
2019-11-07 00:19:48.3356	INFO	MATERIAL	ĐEN	GenericSchema
2019-11-07 00:19:48.3506	INFO	ELEMENT	462907
2019-11-07 00:19:48.3506	INFO	ELEMENT	462924
2019-11-07 00:19:48.3506	INFO	MATERIAL	CONCRETE GRADE(1)	GenericSchema
2019-11-07 00:19:48.3506	INFO	ELEMENT	463207
2019-11-07 00:19:48.3506	INFO	ELEMENT	463316
2019-11-07 00:19:48.3506	INFO	ELEMENT	463317
2019-11-07 00:19:48.3506	INFO	ELEMENT	463318
2019-11-07 00:19:48.3506	INFO	ELEMENT	463319
2019-11-07 00:19:48.3506	INFO	ELEMENT	463338
2019-11-07 00:19:48.3506	INFO	ELEMENT	467481
2019-11-07 00:19:48.3666	INFO	ELEMENT	468683
2019-11-07 00:19:48.3666	INFO	ELEMENT	470070
2019-11-07 00:19:48.3666	INFO	ELEMENT	470675
2019-11-07 00:19:48.3666	INFO	ELEMENT	471911
2019-11-07 00:19:48.3666	INFO	MATERIAL	16	GenericSchema
2019-11-07 00:19:48.3666	INFO	ELEMENT	472047
2019-11-07 00:19:48.3666	INFO	ELEMENT	472067
2019-11-07 00:19:48.3666	INFO	ELEMENT	477903
2019-11-07 00:19:48.3935	INFO	MATERIAL	1. MÀU VÀNG	GenericSchema
2019-11-07 00:19:48.3935	WARN	Unable to locate texture file (cat-san-lap-10.jpg). Try copying it to the Default Textures Folder (C:\Program Files (x86)\Common Files\Autodesk Shared\Materials\Textures\1\Mats\).
2019-11-07 00:19:48.4344	INFO	MATERIAL	Mesh Hoist	GenericSchema
2019-11-07 00:19:48.5182	INFO	MATERIAL	1. MÀU TRẮNG	GenericSchema
2019-11-07 00:19:48.5561	INFO	ELEMENT	478110
2019-11-07 00:19:48.6907	INFO	ELEMENT	478114
2019-11-07 00:19:48.8243	INFO	ELEMENT	493462
2019-11-07 00:19:48.8243	INFO	ELEMENT	493567
2019-11-07 00:19:48.8243	INFO	ELEMENT	493650
2019-11-07 00:19:48.8243	INFO	ELEMENT	493696
2019-11-07 00:19:48.8243	INFO	MATERIAL	12(2)	GenericSchema
2019-11-07 00:19:48.8243	INFO	ELEMENT	493834
2019-11-07 00:19:48.8363	INFO	ELEMENT	493905
2019-11-07 00:19:48.8363	INFO	ELEMENT	493977
2019-11-07 00:19:48.8363	INFO	MATERIAL	ĐƯỜNG TẠM	GenericSchema
2019-11-07 00:19:48.8363	INFO	ELEMENT	494169
2019-11-07 00:19:48.8363	INFO	ELEMENT	494226
2019-11-07 00:19:48.8363	INFO	ELEMENT	494266
2019-11-07 00:19:48.8363	INFO	ELEMENT	494357
2019-11-07 00:19:48.8503	INFO	ELEMENT	494388
2019-11-07 00:19:48.8503	INFO	ELEMENT	494447
2019-11-07 00:19:48.8503	INFO	ELEMENT	494552
2019-11-07 00:19:48.8503	INFO	MATERIAL	khu tap ket cho gai doan 2	ConcreteSchema
2019-11-07 00:19:48.8682	INFO	ELEMENT	494633
2019-11-07 00:19:48.8682	INFO	ELEMENT	494809
2019-11-07 00:19:48.8682	INFO	MATERIAL	BÃI GIU XE	ConcreteSchema
2019-11-07 00:19:48.8892	INFO	ELEMENT	495516
2019-11-07 00:19:48.8892	INFO	ELEMENT	504453
2019-11-07 00:19:48.8892	INFO	ELEMENT	504888
2019-11-07 00:19:48.9001	INFO	ELEMENT	508533
2019-11-07 00:19:49.0368	INFO	ELEMENT	508677
2019-11-07 00:19:49.0388	INFO	MATERIAL	ĐIỂM XUỐNG XÀ BẦN	GenericSchema
2019-11-07 00:19:49.0388	INFO	ELEMENT	508783
2019-11-07 00:19:49.0388	INFO	MATERIAL	THANG	GenericSchema
2019-11-07 00:19:49.0388	WARN	Unable to locate texture file (cat-san-lap-10.jpg). Try copying it to the Default Textures Folder (C:\Program Files (x86)\Common Files\Autodesk Shared\Materials\Textures\1\Mats\).
2019-11-07 00:19:49.0388	INFO	ELEMENT	508971
2019-11-07 00:19:49.2033	INFO	ELEMENT	509112
2019-11-07 00:19:49.2033	INFO	ELEMENT	509163
2019-11-07 00:19:49.3380	INFO	ELEMENT	509293
2019-11-07 00:19:49.3380	INFO	ELEMENT	509406
2019-11-07 00:19:49.3380	INFO	ELEMENT	509444
2019-11-07 00:19:49.4816	INFO	ELEMENT	509473
2019-11-07 00:19:49.4816	INFO	ELEMENT	510671
2019-11-07 00:19:49.4816	INFO	ELEMENT	510982
2019-11-07 00:19:49.4965	INFO	ELEMENT	511471
2019-11-07 00:19:49.5165	INFO	ELEMENT	513300
2019-11-07 00:19:49.5604	INFO	ELEMENT	513849
2019-11-07 00:19:49.5733	INFO	ELEMENT	514050
2019-11-07 00:19:49.5983	INFO	ELEMENT	514197
2019-11-07 00:19:49.6042	INFO	ELEMENT	516138
2019-11-07 00:19:49.6481	INFO	ELEMENT	516575
2019-11-07 00:19:49.6481	INFO	ELEMENT	517180
2019-11-07 00:19:49.6671	INFO	ELEMENT	517479
2019-11-07 00:19:49.6671	INFO	ELEMENT	517905
2019-11-07 00:19:49.7179	INFO	ELEMENT	518430
2019-11-07 00:19:49.7289	INFO	ELEMENT	519428
2019-11-07 00:19:49.9703	INFO	ELEMENT	529196
2019-11-07 00:19:49.9873	INFO	ELEMENT	530163
2019-11-07 00:19:49.9982	INFO	ELEMENT	531427
2019-11-07 00:19:49.9982	INFO	ELEMENT	532879
2019-11-07 00:19:50.0072	INFO	ELEMENT	532885
2019-11-07 00:19:50.0072	INFO	ELEMENT	532888
2019-11-07 00:19:50.0072	INFO	ELEMENT	317696
2019-11-07 00:19:50.0072	INFO	ELEMENT	463207
2019-11-07 00:19:50.0072	INFO	Preparing data...
2019-11-07 00:19:50.2625	INFO	Saving files...
2019-11-07 00:19:50.7113	INFO	Export finish.
