

/******************************************************************************************
* WriteStepFile diagnostics.
* Date:                           Sat Apr 11 22:05:02 2020 
* Produced by:                    The EXPRESS Data Manager Version 5.02.0100.07 : 28 Aug 2013
* Module:                         EDMstepFileFactory/EDMstandAlone
* Host:                           DESKTOP-14DA0RI
* Database:                       C:\Users\USER\AppData\Local\Temp\{8858578A-ECE8-4FFB-B19E-8A3CA6F4B9CC}\ifc
* Database version:               5507
* Database creation date:         Sat Apr 11 22:05:02 2020
* Model:                          DataRepository.ifc
* Model creation date:            Sat Apr 11 22:05:02 2020
* Header model:                   DataRepository.ifc_HeaderModel
* Header model creation date:     Sat Apr 11 22:05:02 2020
* Step file:                      model 01-03-2.ifc
* EDMuser:                        sdai-user
* EDMgroup:                       sdai-group
* License ID and type:            5605 : Permanent license. Expiry date: 
* EDMstepFileFactory options:     020000
******************************************************************************************/


------------------------------------------------------------------------------------------------
Operation terminated successfully.
------------------------------------------------------------------------------------------------

