

/******************************************************************************************
* WriteStepFile diagnostics.
* Date:                           Sat Apr 11 22:01:14 2020 
* Produced by:                    The EXPRESS Data Manager Version 5.02.0100.07 : 28 Aug 2013
* Module:                         EDMstepFileFactory/EDMstandAlone
* Host:                           DESKTOP-14DA0RI
* Database:                       C:\Users\USER\AppData\Local\Temp\{59651041-21C4-4197-90AB-0B4B98795F3D}\ifc
* Database version:               5507
* Database creation date:         Sat Apr 11 22:01:14 2020
* Model:                          DataRepository.ifc
* Model creation date:            Sat Apr 11 22:01:14 2020
* Header model:                   DataRepository.ifc_HeaderModel
* Header model creation date:     Sat Apr 11 22:01:14 2020
* Step file:                      model 01-04.ifc
* EDMuser:                        sdai-user
* EDMgroup:                       sdai-group
* License ID and type:            5605 : Permanent license. Expiry date: 
* EDMstepFileFactory options:     020000
******************************************************************************************/


------------------------------------------------------------------------------------------------
Operation terminated successfully.
------------------------------------------------------------------------------------------------

